<?xml version="1.0" encoding="UTF-8"?>
<!-- Generated by org.testng.reporters.JUnitReportReporter -->
<testsuite hostname="DESKTOP-5VJNL8D" failures="0" tests="6" name="api.test.DDTests" time="0.956" errors="0" timestamp="2024-01-08T16:04:43 EST" skipped="0">
  <testcase classname="api.test.DDTests" name="testPostUser" time="0.187"/>
  <system-out/>
  <testcase classname="api.test.DDTests" name="testPostUser" time="0.177"/>
  <system-out/>
  <testcase classname="api.test.DDTests" name="testPostUser" time="0.182"/>
  <system-out/>
  <testcase classname="api.test.DDTests" name="testDeleteUserByName" time="0.149"/>
  <system-out/>
  <testcase classname="api.test.DDTests" name="testDeleteUserByName" time="0.133"/>
  <system-out/>
  <testcase classname="api.test.DDTests" name="testDeleteUserByName" time="0.128"/>
  <system-out/>
</testsuite> <!-- api.test.DDTests -->
