<?xml version="1.0" encoding="UTF-8"?>
<!-- Generated by org.testng.reporters.JUnitReportReporter -->
<testsuite hostname="DESKTOP-5VJNL8D" failures="0" tests="4" name="api.test.UserTest" time="9.291" errors="0" timestamp="2024-01-08T16:04:43 EST" skipped="0">
  <testcase classname="api.test.UserTest" name="testPostUser" time="8.546"/>
  <system-out/>
  <testcase classname="api.test.UserTest" name="testGetUser" time="0.288"/>
  <system-out/>
  <testcase classname="api.test.UserTest" name="testUpdateUserByName" time="0.329"/>
  <system-out/>
  <testcase classname="api.test.UserTest" name="testDeleteUserByname" time="0.128"/>
  <system-out/>
</testsuite> <!-- api.test.UserTest -->
