<?xml version="1.0" encoding="UTF-8"?>
<!-- Generated by org.testng.reporters.JUnitReportReporter -->
<testsuite hostname="DESKTOP-5VJNL8D" failures="0" tests="6" name="api.test.DDTests" time="0.919" errors="0" timestamp="2024-01-08T19:48:47 EST" skipped="0">
  <testcase classname="api.test.DDTests" name="testPostUser" time="0.141"/>
  <system-out/>
  <testcase classname="api.test.DDTests" name="testPostUser" time="0.185"/>
  <system-out/>
  <testcase classname="api.test.DDTests" name="testPostUser" time="0.160"/>
  <system-out/>
  <testcase classname="api.test.DDTests" name="testDeleteUserByName" time="0.159"/>
  <system-out/>
  <testcase classname="api.test.DDTests" name="testDeleteUserByName" time="0.139"/>
  <system-out/>
  <testcase classname="api.test.DDTests" name="testDeleteUserByName" time="0.135"/>
  <system-out/>
</testsuite> <!-- api.test.DDTests -->
