<?xml version="1.0" encoding="UTF-8"?>
<!-- Generated by org.testng.reporters.JUnitReportReporter -->
<testsuite hostname="DESKTOP-5VJNL8D" failures="0" tests="4" name="api.test.UserTest" time="8.269" errors="0" timestamp="2024-01-08T19:48:47 EST" skipped="0">
  <testcase classname="api.test.UserTest" name="testPostUser" time="7.437"/>
  <system-out/>
  <testcase classname="api.test.UserTest" name="testGetUser" time="0.264"/>
  <system-out/>
  <testcase classname="api.test.UserTest" name="testUpdateUserByName" time="0.396"/>
  <system-out/>
  <testcase classname="api.test.UserTest" name="testDeleteUserByname" time="0.172"/>
  <system-out/>
</testsuite> <!-- api.test.UserTest -->
